{
    "meta": {
        "version": "7.3.0",
        "timestamp": "2023-08-24T12:34:40.967947",
        "branch_coverage": true,
        "show_contexts": false
    },
    "files": {
        "main\\__init__.py": {
            "executed_lines": [
                1
            ],
            "summary": {
                "covered_lines": 0,
                "num_statements": 0,
                "percent_covered": 100,
                "percent_covered_display": "100.00",
                "missing_lines": 0,
                "excluded_lines": 0,
                "num_branches": 0,
                "num_partial_branches": 0,
                "covered_branches": 0,
                "missing_branches": 0
            },
            "missing_lines": [],
            "excluded_lines": [],
            "executed_branches": [],
            "missing_branches": []
        },
        "main\\exceptions.py": {
            "executed_lines": [
                1,
                2,
                5,
                6,
                7,
                10,
                11,
                12,
                13,
                16,
                17,
                18,
                19,
                23,
                26,
                27,
                28,
                33,
                34,
                35,
                40,
                41,
                42,
                47,
                48,
                49,
                54,
                55,
                56
            ],
            "summary": {
                "covered_lines": 28,
                "num_statements": 28,
                "percent_covered": 100,
                "percent_covered_display": "100.00",
                "missing_lines": 0,
                "excluded_lines": 0,
                "num_branches": 2,
                "num_partial_branches": 0,
                "covered_branches": 2,
                "missing_branches": 0
            },
            "missing_lines": [],
            "excluded_lines": [],
            "executed_branches": [
                [
                    18,
                    19
                ],
                [
                    18,
                    23
                ]
            ],
            "missing_branches": []
        },
        "main\\global_vars.py": {
            "executed_lines": [
                1,
                2,
                3
            ],
            "summary": {
                "covered_lines": 3,
                "num_statements": 3,
                "percent_covered": 100,
                "percent_covered_display": "100.00",
                "missing_lines": 0,
                "excluded_lines": 0,
                "num_branches": 0,
                "num_partial_branches": 0,
                "covered_branches": 0,
                "missing_branches": 0
            },
            "missing_lines": [],
            "excluded_lines": [],
            "executed_branches": [],
            "missing_branches": []
        },
        "main\\main.py": {
            "executed_lines": [
                1,
                2,
                3,
                6,
                16,
                18,
                19,
                24,
                25,
                35,
                36,
                37,
                38,
                39,
                41,
                42,
                43,
                45,
                46,
                47,
                49,
                51,
                52,
                53,
                54,
                56,
                58,
                59,
                60,
                61,
                63,
                65,
                66,
                67,
                68,
                70,
                72,
                73,
                74,
                75,
                77,
                79,
                80,
                81,
                82,
                85,
                86,
                97,
                100,
                101,
                102,
                103,
                104,
                105,
                106,
                107,
                108,
                109,
                110,
                117,
                118,
                120,
                122,
                123,
                124,
                125,
                126,
                127,
                129,
                130,
                131,
                132,
                133,
                135,
                137,
                138,
                139,
                140,
                141,
                142,
                144,
                145,
                146,
                147,
                149,
                155,
                156,
                157,
                160,
                162,
                163,
                164,
                165,
                166,
                167,
                168,
                169,
                170,
                173,
                174,
                175,
                176,
                177,
                178,
                179,
                180,
                182,
                183,
                184,
                185,
                187,
                188,
                189,
                190,
                191,
                192,
                193,
                194,
                196,
                198,
                199,
                200,
                201,
                202,
                203,
                204,
                205,
                207,
                208,
                209,
                210,
                211,
                212,
                213,
                214,
                215,
                216,
                217,
                218,
                219,
                220,
                221,
                222,
                224,
                225,
                226,
                227,
                228,
                229,
                230,
                231,
                232,
                233,
                234
            ],
            "summary": {
                "covered_lines": 152,
                "num_statements": 153,
                "percent_covered": 98.79518072289157,
                "percent_covered_display": "98.80",
                "missing_lines": 1,
                "excluded_lines": 0,
                "num_branches": 96,
                "num_partial_branches": 2,
                "covered_branches": 94,
                "missing_branches": 2
            },
            "missing_lines": [
                21
            ],
            "excluded_lines": [],
            "executed_branches": [
                [
                    18,
                    19
                ],
                [
                    36,
                    37
                ],
                [
                    36,
                    38
                ],
                [
                    51,
                    52
                ],
                [
                    51,
                    53
                ],
                [
                    58,
                    59
                ],
                [
                    58,
                    60
                ],
                [
                    65,
                    66
                ],
                [
                    65,
                    67
                ],
                [
                    72,
                    73
                ],
                [
                    72,
                    74
                ],
                [
                    79,
                    80
                ],
                [
                    79,
                    81
                ],
                [
                    100,
                    101
                ],
                [
                    100,
                    102
                ],
                [
                    104,
                    105
                ],
                [
                    104,
                    117
                ],
                [
                    105,
                    106
                ],
                [
                    105,
                    107
                ],
                [
                    107,
                    -97
                ],
                [
                    107,
                    108
                ],
                [
                    108,
                    109
                ],
                [
                    108,
                    110
                ],
                [
                    110,
                    -110
                ],
                [
                    110,
                    -97
                ],
                [
                    110,
                    107
                ],
                [
                    110,
                    110
                ],
                [
                    117,
                    -97
                ],
                [
                    117,
                    118
                ],
                [
                    118,
                    -118
                ],
                [
                    118,
                    117
                ],
                [
                    118,
                    118
                ],
                [
                    122,
                    123
                ],
                [
                    122,
                    133
                ],
                [
                    123,
                    124
                ],
                [
                    123,
                    129
                ],
                [
                    124,
                    122
                ],
                [
                    124,
                    125
                ],
                [
                    125,
                    124
                ],
                [
                    125,
                    126
                ],
                [
                    129,
                    122
                ],
                [
                    129,
                    130
                ],
                [
                    130,
                    129
                ],
                [
                    130,
                    131
                ],
                [
                    138,
                    139
                ],
                [
                    138,
                    147
                ],
                [
                    139,
                    140
                ],
                [
                    139,
                    144
                ],
                [
                    140,
                    138
                ],
                [
                    140,
                    141
                ],
                [
                    141,
                    142
                ],
                [
                    144,
                    138
                ],
                [
                    144,
                    145
                ],
                [
                    145,
                    144
                ],
                [
                    145,
                    146
                ],
                [
                    156,
                    157
                ],
                [
                    156,
                    162
                ],
                [
                    164,
                    165
                ],
                [
                    164,
                    167
                ],
                [
                    167,
                    168
                ],
                [
                    167,
                    170
                ],
                [
                    184,
                    -184
                ],
                [
                    184,
                    184
                ],
                [
                    184,
                    185
                ],
                [
                    187,
                    188
                ],
                [
                    187,
                    190
                ],
                [
                    188,
                    187
                ],
                [
                    188,
                    189
                ],
                [
                    192,
                    193
                ],
                [
                    192,
                    198
                ],
                [
                    193,
                    194
                ],
                [
                    193,
                    196
                ],
                [
                    198,
                    199
                ],
                [
                    198,
                    201
                ],
                [
                    208,
                    209
                ],
                [
                    208,
                    211
                ],
                [
                    209,
                    210
                ],
                [
                    209,
                    211
                ],
                [
                    211,
                    212
                ],
                [
                    211,
                    213
                ],
                [
                    214,
                    215
                ],
                [
                    214,
                    216
                ],
                [
                    216,
                    217
                ],
                [
                    216,
                    219
                ],
                [
                    217,
                    218
                ],
                [
                    217,
                    219
                ],
                [
                    219,
                    -207
                ],
                [
                    219,
                    220
                ],
                [
                    221,
                    -207
                ],
                [
                    221,
                    222
                ],
                [
                    226,
                    227
                ],
                [
                    226,
                    228
                ],
                [
                    228,
                    229
                ],
                [
                    228,
                    230
                ],
                [
                    230,
                    231
                ],
                [
                    230,
                    232
                ],
                [
                    232,
                    233
                ],
                [
                    232,
                    234
                ]
            ],
            "missing_branches": [
                [
                    18,
                    21
                ],
                [
                    141,
                    140
                ]
            ]
        }
    },
    "totals": {
        "covered_lines": 183,
        "num_statements": 184,
        "percent_covered": 98.93617021276596,
        "percent_covered_display": "98.94",
        "missing_lines": 1,
        "excluded_lines": 0,
        "num_branches": 98,
        "num_partial_branches": 2,
        "covered_branches": 96,
        "missing_branches": 2
    }
}